# JRE version: OpenJDK Runtime Environment Temurin-21.0.8+9 (21.0.8+9) (build 21.0.8+9-LTS)
# Java VM: OpenJDK 64-Bit Server VM Temurin-21.0.8+9 (21.0.8+9-LTS, mixed mode, sharing, tiered, compressed oops, compressed class ptrs, parallel gc, windows-amd64)
GC Precious Log:
 CardTable entry size: 512
 CPUs: 8 total, 8 available
 Memory: 6082M
 Large Page Support: Disabled
 NUMA Support: Disabled
 Compressed Oops: Enabled (32-bit)
 Alignments: Space 512K, Generation 512K, Heap 2M
 Heap Min Capacity: 100M
 Heap Initial Capacity: 100M
 Heap Max Capacity: 2G
 Pre-touch: Disabled
 Parallel Workers: 8
Heap:
 PSYoungGen      total 2048K, used 1792K [0x00000000d5580000, 0x00000000d5880000, 0x0000000100000000)
  eden space 1024K, 100% used [0x00000000d5580000,0x00000000d5680000,0x00000000d5680000)
  from space 1024K, 75% used [0x00000000d5780000,0x00000000d5840000,0x00000000d5880000)
  to   space 1024K, 62% used [0x00000000d5680000,0x00000000d5720000,0x00000000d5780000)
 ParOldGen       total 415744K, used 415463K [0x0000000080000000, 0x0000000099600000, 0x00000000d5580000)
  object space 415744K, 99% used [0x0000000080000000,0x00000000995b9cf0,0x0000000099600000)
 Metaspace       used 58604K, committed 59968K, reserved 1114112K
  class space    used 6796K, committed 7360K, reserved 1048576K
GC Heap History (20 events):
Event: 23.393 GC heap after
{Heap after GC invocations=434 (full 2):
 PSYoungGen      total 1536K, used 595K [0x00000000d5580000, 0x00000000d5800000, 0x0000000100000000)
  eden space 512K, 0% used [0x00000000d5580000,0x00000000d5580000,0x00000000d5600000)
  from space 1024K, 58% used [0x00000000d5700000,0x00000000d5794fd0,0x00000000d5800000)
  to   space 1024K, 0% used [0x00000000d5600000,0x00000000d5600000,0x00000000d5700000)
 ParOldGen       total 411136K, used 410881K [0x0000000080000000, 0x0000000099180000, 0x00000000d5580000)
  object space 411136K, 99% used [0x0000000080000000,0x00000000991405b8,0x0000000099180000)
 Metaspace       used 58578K, committed 59840K, reserved 1114112K
  class space    used 6796K, committed 7360K, reserved 1048576K
}
Event: 23.405 GC heap before
{Heap before GC invocations=435 (full 2):
 PSYoungGen      total 1536K, used 1107K [0x00000000d5580000, 0x00000000d5800000, 0x0000000100000000)
  eden space 512K, 100% used [0x00000000d5580000,0x00000000d5600000,0x00000000d5600000)
  from space 1024K, 58% used [0x00000000d5700000,0x00000000d5794fd0,0x00000000d5800000)
  to   space 1024K, 0% used [0x00000000d5600000,0x00000000d5600000,0x00000000d5700000)
 ParOldGen       total 411136K, used 410881K [0x0000000080000000, 0x0000000099180000, 0x00000000d5580000)
  object space 411136K, 99% used [0x0000000080000000,0x00000000991405b8,0x0000000099180000)
 Metaspace       used 58578K, committed 59840K, reserved 1114112K
  class space    used 6796K, committed 7360K, reserved 1048576K
}
Event: 23.408 GC heap after
{Heap after GC invocations=435 (full 2):
 PSYoungGen      total 1536K, used 647K [0x00000000d5580000, 0x00000000d5800000, 0x0000000100000000)
  eden space 512K, 0% used [0x00000000d5580000,0x00000000d5580000,0x00000000d5600000)
  from space 1024K, 63% used [0x00000000d5600000,0x00000000d56a1d80,0x00000000d5700000)
  to   space 1024K, 0% used [0x00000000d5700000,0x00000000d5700000,0x00000000d5800000)
 ParOldGen       total 411648K, used 411390K [0x0000000080000000, 0x0000000099200000, 0x00000000d5580000)
  object space 411648K, 99% used [0x0000000080000000,0x00000000991bfad0,0x0000000099200000)
 Metaspace       used 58578K, committed 59840K, reserved 1114112K
  class space    used 6796K, committed 7360K, reserved 1048576K
}
Event: 23.433 GC heap before
{Heap before GC invocations=436 (full 2):
 PSYoungGen      total 1536K, used 1159K [0x00000000d5580000, 0x00000000d5800000, 0x0000000100000000)
  eden space 512K, 100% used [0x00000000d5580000,0x00000000d5600000,0x00000000d5600000)
  from space 1024K, 63% used [0x00000000d5600000,0x00000000d56a1d80,0x00000000d5700000)
  to   space 1024K, 0% used [0x00000000d5700000,0x00000000d5700000,0x00000000d5800000)
 ParOldGen       total 411648K, used 411390K [0x0000000080000000, 0x0000000099200000, 0x00000000d5580000)
  object space 411648K, 99% used [0x0000000080000000,0x00000000991bfad0,0x0000000099200000)
 Metaspace       used 58578K, committed 59840K, reserved 1114112K
  class space    used 6796K, committed 7360K, reserved 1048576K
}
Event: 23.437 GC heap after
{Heap after GC invocations=436 (full 2):
 PSYoungGen      total 1536K, used 595K [0x00000000d5580000, 0x00000000d5800000, 0x0000000100000000)
  eden space 512K, 0% used [0x00000000d5580000,0x00000000d5580000,0x00000000d5600000)
  from space 1024K, 58% used [0x00000000d5700000,0x00000000d5794fd0,0x00000000d5800000)
  to   space 1024K, 0% used [0x00000000d5600000,0x00000000d5600000,0x00000000d5700000)
 ParOldGen       total 412160K, used 411927K [0x0000000080000000, 0x0000000099280000, 0x00000000d5580000)
  object space 412160K, 99% used [0x0000000080000000,0x0000000099245d70,0x0000000099280000)
 Metaspace       used 58578K, committed 59840K, reserved 1114112K
  class space    used 6796K, committed 7360K, reserved 1048576K
}
Event: 23.461 GC heap before
{Heap before GC invocations=437 (full 2):
 PSYoungGen      total 1536K, used 1107K [0x00000000d5580000, 0x00000000d5800000, 0x0000000100000000)
  eden space 512K, 100% used [0x00000000d5580000,0x00000000d5600000,0x00000000d5600000)
  from space 1024K, 58% used [0x00000000d5700000,0x00000000d5794fd0,0x00000000d5800000)
  to   space 1024K, 0% used [0x00000000d5600000,0x00000000d5600000,0x00000000d5700000)
 ParOldGen       total 412160K, used 411927K [0x0000000080000000, 0x0000000099280000, 0x00000000d5580000)
  object space 412160K, 99% used [0x0000000080000000,0x0000000099245d70,0x0000000099280000)
 Metaspace       used 58597K, committed 59904K, reserved 1114112K
  class space    used 6796K, committed 7360K, reserved 1048576K
}
Event: 23.466 GC heap after
{Heap after GC invocations=437 (full 2):
 PSYoungGen      total 1536K, used 640K [0x00000000d5580000, 0x00000000d5800000, 0x0000000100000000)
  eden space 512K, 0% used [0x00000000d5580000,0x00000000d5580000,0x00000000d5600000)
  from space 1024K, 62% used [0x00000000d5600000,0x00000000d56a0000,0x00000000d5700000)
  to   space 1024K, 0% used [0x00000000d5700000,0x00000000d5700000,0x00000000d5800000)
 ParOldGen       total 412672K, used 412452K [0x0000000080000000, 0x0000000099300000, 0x00000000d5580000)
  object space 412672K, 99% used [0x0000000080000000,0x00000000992c9288,0x0000000099300000)
 Metaspace       used 58597K, committed 59904K, reserved 1114112K
  class space    used 6796K, committed 7360K, reserved 1048576K
}
Event: 23.484 GC heap before
{Heap before GC invocations=438 (full 2):
 PSYoungGen      total 1536K, used 1152K [0x00000000d5580000, 0x00000000d5800000, 0x0000000100000000)
  eden space 512K, 100% used [0x00000000d5580000,0x00000000d5600000,0x00000000d5600000)
  from space 1024K, 62% used [0x00000000d5600000,0x00000000d56a0000,0x00000000d5700000)
  to   space 1024K, 0% used [0x00000000d5700000,0x00000000d5700000,0x00000000d5800000)
 ParOldGen       total 412672K, used 412452K [0x0000000080000000, 0x0000000099300000, 0x00000000d5580000)
  object space 412672K, 99% used [0x0000000080000000,0x00000000992c9288,0x0000000099300000)
 Metaspace       used 58598K, committed 59904K, reserved 1114112K
  class space    used 6796K, committed 7360K, reserved 1048576K
}
Event: 23.488 GC heap after
{Heap after GC invocations=438 (full 2):
 PSYoungGen      total 1536K, used 627K [0x00000000d5580000, 0x00000000d5800000, 0x0000000100000000)
  eden space 512K, 0% used [0x00000000d5580000,0x00000000d5580000,0x00000000d5600000)
  from space 1024K, 61% used [0x00000000d5700000,0x00000000d579cfd0,0x00000000d5800000)
  to   space 1024K, 0% used [0x00000000d5600000,0x00000000d5600000,0x00000000d5700000)
 ParOldGen       total 413184K, used 412967K [0x0000000080000000, 0x0000000099380000, 0x00000000d5580000)
  object space 413184K, 99% used [0x0000000080000000,0x0000000099349d28,0x0000000099380000)
 Metaspace       used 58598K, committed 59904K, reserved 1114112K
  class space    used 6796K, committed 7360K, reserved 1048576K
}
Event: 23.542 GC heap before
{Heap before GC invocations=439 (full 2):
 PSYoungGen      total 1536K, used 1139K [0x00000000d5580000, 0x00000000d5800000, 0x0000000100000000)
  eden space 512K, 100% used [0x00000000d5580000,0x00000000d5600000,0x00000000d5600000)
  from space 1024K, 61% used [0x00000000d5700000,0x00000000d579cfd0,0x00000000d5800000)
  to   space 1024K, 0% used [0x00000000d5600000,0x00000000d5600000,0x00000000d5700000)
 ParOldGen       total 413184K, used 412967K [0x0000000080000000, 0x0000000099380000, 0x00000000d5580000)
  object space 413184K, 99% used [0x0000000080000000,0x0000000099349d28,0x0000000099380000)
 Metaspace       used 58604K, committed 59968K, reserved 1114112K
  class space    used 6796K, committed 7360K, reserved 1048576K
}
Event: 23.543 GC heap after
{Heap after GC invocations=439 (full 2):
 PSYoungGen      total 1536K, used 512K [0x00000000d5580000, 0x00000000d5800000, 0x0000000100000000)
  eden space 512K, 0% used [0x00000000d5580000,0x00000000d5580000,0x00000000d5600000)
  from space 1024K, 50% used [0x00000000d5600000,0x00000000d5680000,0x00000000d5700000)
  to   space 1024K, 0% used [0x00000000d5700000,0x00000000d5700000,0x00000000d5800000)
 ParOldGen       total 413696K, used 413471K [0x0000000080000000, 0x0000000099400000, 0x00000000d5580000)
  object space 413696K, 99% used [0x0000000080000000,0x00000000993c7cf0,0x0000000099400000)
 Metaspace       used 58604K, committed 59968K, reserved 1114112K
  class space    used 6796K, committed 7360K, reserved 1048576K
}
Event: 23.592 GC heap before
{Heap before GC invocations=440 (full 2):
 PSYoungGen      total 1536K, used 1023K [0x00000000d5580000, 0x00000000d5800000, 0x0000000100000000)
  eden space 512K, 99% used [0x00000000d5580000,0x00000000d55fff90,0x00000000d5600000)
  from space 1024K, 50% used [0x00000000d5600000,0x00000000d5680000,0x00000000d5700000)
  to   space 1024K, 0% used [0x00000000d5700000,0x00000000d5700000,0x00000000d5800000)
 ParOldGen       total 413696K, used 413471K [0x0000000080000000, 0x0000000099400000, 0x00000000d5580000)
  object space 413696K, 99% used [0x0000000080000000,0x00000000993c7cf0,0x0000000099400000)
 Metaspace       used 58604K, committed 59968K, reserved 1114112K
  class space    used 6796K, committed 7360K, reserved 1048576K
}
Event: 23.594 GC heap after
{Heap after GC invocations=440 (full 2):
 PSYoungGen      total 1536K, used 384K [0x00000000d5580000, 0x00000000d5780000, 0x0000000100000000)
  eden space 1024K, 0% used [0x00000000d5580000,0x00000000d5580000,0x00000000d5680000)
  from space 512K, 75% used [0x00000000d5700000,0x00000000d5760000,0x00000000d5780000)
  to   space 512K, 0% used [0x00000000d5680000,0x00000000d5680000,0x00000000d5700000)
 ParOldGen       total 414208K, used 413927K [0x0000000080000000, 0x0000000099480000, 0x00000000d5580000)
  object space 414208K, 99% used [0x0000000080000000,0x0000000099439cf0,0x0000000099480000)
 Metaspace       used 58604K, committed 59968K, reserved 1114112K
  class space    used 6796K, committed 7360K, reserved 1048576K
}
Event: 23.631 GC heap before
{Heap before GC invocations=441 (full 2):
 PSYoungGen      total 1536K, used 1408K [0x00000000d5580000, 0x00000000d5780000, 0x0000000100000000)
  eden space 1024K, 100% used [0x00000000d5580000,0x00000000d5680000,0x00000000d5680000)
  from space 512K, 75% used [0x00000000d5700000,0x00000000d5760000,0x00000000d5780000)
  to   space 512K, 0% used [0x00000000d5680000,0x00000000d5680000,0x00000000d5700000)
 ParOldGen       total 414208K, used 413927K [0x0000000080000000, 0x0000000099480000, 0x00000000d5580000)
  object space 414208K, 99% used [0x0000000080000000,0x0000000099439cf0,0x0000000099480000)
 Metaspace       used 58604K, committed 59968K, reserved 1114112K
  class space    used 6796K, committed 7360K, reserved 1048576K
}
Event: 23.634 GC heap after
{Heap after GC invocations=441 (full 2):
 PSYoungGen      total 1536K, used 512K [0x00000000d5580000, 0x00000000d5880000, 0x0000000100000000)
  eden space 1024K, 0% used [0x00000000d5580000,0x00000000d5580000,0x00000000d5680000)
  from space 512K, 100% used [0x00000000d5680000,0x00000000d5700000,0x00000000d5700000)
  to   space 1024K, 0% used [0x00000000d5780000,0x00000000d5780000,0x00000000d5880000)
 ParOldGen       total 414720K, used 414343K [0x0000000080000000, 0x0000000099500000, 0x00000000d5580000)
  object space 414720K, 99% used [0x0000000080000000,0x00000000994a1cf0,0x0000000099500000)
 Metaspace       used 58604K, committed 59968K, reserved 1114112K
  class space    used 6796K, committed 7360K, reserved 1048576K
}
Event: 23.649 GC heap before
{Heap before GC invocations=442 (full 2):
 PSYoungGen      total 1536K, used 1536K [0x00000000d5580000, 0x00000000d5880000, 0x0000000100000000)
  eden space 1024K, 100% used [0x00000000d5580000,0x00000000d5680000,0x00000000d5680000)
  from space 512K, 100% used [0x00000000d5680000,0x00000000d5700000,0x00000000d5700000)
  to   space 1024K, 0% used [0x00000000d5780000,0x00000000d5780000,0x00000000d5880000)
 ParOldGen       total 414720K, used 414343K [0x0000000080000000, 0x0000000099500000, 0x00000000d5580000)
  object space 414720K, 99% used [0x0000000080000000,0x00000000994a1cf0,0x0000000099500000)
 Metaspace       used 58604K, committed 59968K, reserved 1114112K
  class space    used 6796K, committed 7360K, reserved 1048576K
}
Event: 23.654 GC heap after
{Heap after GC invocations=442 (full 2):
 PSYoungGen      total 2048K, used 768K [0x00000000d5580000, 0x00000000d5880000, 0x0000000100000000)
  eden space 1024K, 0% used [0x00000000d5580000,0x00000000d5580000,0x00000000d5680000)
  from space 1024K, 75% used [0x00000000d5780000,0x00000000d5840000,0x00000000d5880000)
  to   space 1024K, 0% used [0x00000000d5680000,0x00000000d5680000,0x00000000d5780000)
 ParOldGen       total 415232K, used 414887K [0x0000000080000000, 0x0000000099580000, 0x00000000d5580000)
  object space 415232K, 99% used [0x0000000080000000,0x0000000099529cf0,0x0000000099580000)
 Metaspace       used 58604K, committed 59968K, reserved 1114112K
  class space    used 6796K, committed 7360K, reserved 1048576K
}
Event: 23.674 GC heap before
{Heap before GC invocations=443 (full 2):
 PSYoungGen      total 2048K, used 1792K [0x00000000d5580000, 0x00000000d5880000, 0x0000000100000000)
  eden space 1024K, 100% used [0x00000000d5580000,0x00000000d5680000,0x00000000d5680000)
  from space 1024K, 75% used [0x00000000d5780000,0x00000000d5840000,0x00000000d5880000)
  to   space 1024K, 0% used [0x00000000d5680000,0x00000000d5680000,0x00000000d5780000)
 ParOldGen       total 415232K, used 414887K [0x0000000080000000, 0x0000000099580000, 0x00000000d5580000)
  object space 415232K, 99% used [0x0000000080000000,0x0000000099529cf0,0x0000000099580000)
 Metaspace       used 58604K, committed 59968K, reserved 1114112K
  class space    used 6796K, committed 7360K, reserved 1048576K
}
Event: 23.677 GC heap after
{Heap after GC invocations=443 (full 2):
 PSYoungGen      total 2048K, used 1792K [0x00000000d5580000, 0x00000000d5880000, 0x0000000100000000)
  eden space 1024K, 100% used [0x00000000d5580000,0x00000000d5680000,0x00000000d5680000)
  from space 1024K, 75% used [0x00000000d5780000,0x00000000d5840000,0x00000000d5880000)
  to   space 1024K, 62% used [0x00000000d5680000,0x00000000d5720000,0x00000000d5780000)
 ParOldGen       total 415744K, used 415463K [0x0000000080000000, 0x0000000099600000, 0x00000000d5580000)
  object space 415744K, 99% used [0x0000000080000000,0x00000000995b9cf0,0x0000000099600000)
 Metaspace       used 58604K, committed 59968K, reserved 1114112K
  class space    used 6796K, committed 7360K, reserved 1048576K
}
Event: 23.677 GC heap before
{Heap before GC invocations=444 (full 3):
 PSYoungGen      total 2048K, used 1792K [0x00000000d5580000, 0x00000000d5880000, 0x0000000100000000)
  eden space 1024K, 100% used [0x00000000d5580000,0x00000000d5680000,0x00000000d5680000)
  from space 1024K, 75% used [0x00000000d5780000,0x00000000d5840000,0x00000000d5880000)
  to   space 1024K, 62% used [0x00000000d5680000,0x00000000d5720000,0x00000000d5780000)
 ParOldGen       total 415744K, used 415463K [0x0000000080000000, 0x0000000099600000, 0x00000000d5580000)
  object space 415744K, 99% used [0x0000000080000000,0x00000000995b9cf0,0x0000000099600000)
 Metaspace       used 58604K, committed 59968K, reserved 1114112K
  class space    used 6796K, committed 7360K, reserved 1048576K
}

