# JRE version: Java(TM) SE Runtime Environment (21.0.2+13) (build 21.0.2+13-LTS-58)
# Java VM: Java HotSpot(TM) 64-Bit Server VM (21.0.2+13-LTS-58, mixed mode, sharing, tiered, compressed oops, compressed class ptrs, g1 gc, windows-amd64)
GC Precious Log:
 CardTable entry size: 512
 Card Set container configuration: InlinePtr #cards 4 size 8 Array Of Cards #cards 32 size 80 Howl #buckets 8 coarsen threshold 7372 Howl Bitmap #cards 1024 size 144 coarsen threshold 921 Card regions per heap region 1 cards per card region 8192
 CPUs: 8 total, 8 available
 Memory: 6082M
 Large Page Support: Disabled
 NUMA Support: Disabled
 Compressed Oops: Enabled (Zero based)
 Heap Region Size: 4M
 Heap Min Capacity: 8M
 Heap Initial Capacity: 96M
 Heap Max Capacity: 8G
 Pre-touch: Disabled
 Parallel Workers: 8
 Concurrent Workers: 2
 Concurrent Refinement Workers: 8
 Periodic GC: Disabled
Heap:
 garbage-first heap   total 438272K, used 346130K [0x0000000600000000, 0x0000000800000000)
  region size 4096K, 35 young (143360K), 3 survivors (12288K)
 Metaspace       used 165981K, committed 168832K, reserved 1245184K
  class space    used 21645K, committed 23104K, reserved 1048576K
GC Heap History (20 events):
Event: 83.345 GC heap before
{Heap before GC invocations=50 (full 0):
 garbage-first heap   total 233472K, used 173851K [0x0000000600000000, 0x0000000800000000)
  region size 4096K, 13 young (53248K), 1 survivors (4096K)
 Metaspace       used 140913K, committed 143680K, reserved 1179648K
  class space    used 18507K, committed 19904K, reserved 1048576K
}
Event: 83.357 GC heap after
{Heap after GC invocations=51 (full 0):
 garbage-first heap   total 233472K, used 144737K [0x0000000600000000, 0x0000000800000000)
  region size 4096K, 3 young (12288K), 3 survivors (12288K)
 Metaspace       used 140913K, committed 143680K, reserved 1179648K
  class space    used 18507K, committed 19904K, reserved 1048576K
}
Event: 85.433 GC heap before
{Heap before GC invocations=52 (full 0):
 garbage-first heap   total 266240K, used 222561K [0x0000000600000000, 0x0000000800000000)
  region size 4096K, 17 young (69632K), 3 survivors (12288K)
 Metaspace       used 140970K, committed 143744K, reserved 1179648K
  class space    used 18508K, committed 19904K, reserved 1048576K
}
Event: 85.458 GC heap after
{Heap after GC invocations=53 (full 0):
 garbage-first heap   total 266240K, used 157827K [0x0000000600000000, 0x0000000800000000)
  region size 4096K, 3 young (12288K), 3 survivors (12288K)
 Metaspace       used 140970K, committed 143744K, reserved 1179648K
  class space    used 18508K, committed 19904K, reserved 1048576K
}
Event: 86.262 GC heap before
{Heap before GC invocations=53 (full 0):
 garbage-first heap   total 266240K, used 243843K [0x0000000600000000, 0x0000000800000000)
  region size 4096K, 22 young (90112K), 3 survivors (12288K)
 Metaspace       used 141126K, committed 143872K, reserved 1179648K
  class space    used 18514K, committed 19904K, reserved 1048576K
}
Event: 86.311 GC heap after
{Heap after GC invocations=54 (full 0):
 garbage-first heap   total 282624K, used 177528K [0x0000000600000000, 0x0000000800000000)
  region size 4096K, 3 young (12288K), 3 survivors (12288K)
 Metaspace       used 141126K, committed 143872K, reserved 1179648K
  class space    used 18514K, committed 19904K, reserved 1048576K
}
Event: 93.051 GC heap before
{Heap before GC invocations=54 (full 0):
 garbage-first heap   total 282624K, used 243064K [0x0000000600000000, 0x0000000800000000)
  region size 4096K, 19 young (77824K), 3 survivors (12288K)
 Metaspace       used 142503K, committed 145280K, reserved 1179648K
  class space    used 18561K, committed 19904K, reserved 1048576K
}
Event: 93.085 GC heap after
{Heap after GC invocations=55 (full 0):
 garbage-first heap   total 282624K, used 188809K [0x0000000600000000, 0x0000000800000000)
  region size 4096K, 3 young (12288K), 3 survivors (12288K)
 Metaspace       used 142503K, committed 145280K, reserved 1179648K
  class space    used 18561K, committed 19904K, reserved 1048576K
}
Event: 98.539 GC heap before
{Heap before GC invocations=56 (full 0):
 garbage-first heap   total 327680K, used 246153K [0x0000000600000000, 0x0000000800000000)
  region size 4096K, 17 young (69632K), 3 survivors (12288K)
 Metaspace       used 146800K, committed 149568K, reserved 1179648K
  class space    used 19028K, committed 20416K, reserved 1048576K
}
Event: 98.552 GC heap after
{Heap after GC invocations=57 (full 0):
 garbage-first heap   total 327680K, used 195214K [0x0000000600000000, 0x0000000800000000)
  region size 4096K, 2 young (8192K), 2 survivors (8192K)
 Metaspace       used 146800K, committed 149568K, reserved 1179648K
  class space    used 19028K, committed 20416K, reserved 1048576K
}
Event: 100.828 GC heap before
{Heap before GC invocations=57 (full 0):
 garbage-first heap   total 327680K, used 285326K [0x0000000600000000, 0x0000000800000000)
  region size 4096K, 24 young (98304K), 2 survivors (8192K)
 Metaspace       used 152002K, committed 154816K, reserved 1245184K
  class space    used 19726K, committed 21120K, reserved 1048576K
}
Event: 100.849 GC heap after
{Heap after GC invocations=58 (full 0):
 garbage-first heap   total 327680K, used 200704K [0x0000000600000000, 0x0000000800000000)
  region size 4096K, 3 young (12288K), 3 survivors (12288K)
 Metaspace       used 152002K, committed 154816K, reserved 1245184K
  class space    used 19726K, committed 21120K, reserved 1048576K
}
Event: 103.568 GC heap before
{Heap before GC invocations=58 (full 0):
 garbage-first heap   total 327680K, used 290816K [0x0000000600000000, 0x0000000800000000)
  region size 4096K, 25 young (102400K), 3 survivors (12288K)
 Metaspace       used 156517K, committed 159360K, reserved 1245184K
  class space    used 20312K, committed 21696K, reserved 1048576K
}
Event: 103.587 GC heap after
{Heap after GC invocations=59 (full 0):
 garbage-first heap   total 327680K, used 204108K [0x0000000600000000, 0x0000000800000000)
  region size 4096K, 3 young (12288K), 3 survivors (12288K)
 Metaspace       used 156517K, committed 159360K, reserved 1245184K
  class space    used 20312K, committed 21696K, reserved 1048576K
}
Event: 106.127 GC heap before
{Heap before GC invocations=59 (full 0):
 garbage-first heap   total 327680K, used 290124K [0x0000000600000000, 0x0000000800000000)
  region size 4096K, 25 young (102400K), 3 survivors (12288K)
 Metaspace       used 156663K, committed 159488K, reserved 1245184K
  class space    used 20312K, committed 21696K, reserved 1048576K
}
Event: 106.138 GC heap after
{Heap after GC invocations=60 (full 0):
 garbage-first heap   total 327680K, used 204578K [0x0000000600000000, 0x0000000800000000)
  region size 4096K, 2 young (8192K), 2 survivors (8192K)
 Metaspace       used 156663K, committed 159488K, reserved 1245184K
  class space    used 20312K, committed 21696K, reserved 1048576K
}
Event: 107.718 GC heap before
{Heap before GC invocations=60 (full 0):
 garbage-first heap   total 327680K, used 298786K [0x0000000600000000, 0x0000000800000000)
  region size 4096K, 25 young (102400K), 2 survivors (8192K)
 Metaspace       used 156784K, committed 159616K, reserved 1245184K
  class space    used 20312K, committed 21696K, reserved 1048576K
}
Event: 107.738 GC heap after
{Heap after GC invocations=61 (full 0):
 garbage-first heap   total 327680K, used 213945K [0x0000000600000000, 0x0000000800000000)
  region size 4096K, 4 young (16384K), 4 survivors (16384K)
 Metaspace       used 156784K, committed 159616K, reserved 1245184K
  class space    used 20312K, committed 21696K, reserved 1048576K
}
Event: 109.076 GC heap before
{Heap before GC invocations=62 (full 0):
 garbage-first heap   total 438272K, used 283577K [0x0000000600000000, 0x0000000800000000)
  region size 4096K, 21 young (86016K), 4 survivors (16384K)
 Metaspace       used 157224K, committed 160064K, reserved 1245184K
  class space    used 20324K, committed 21696K, reserved 1048576K
}
Event: 109.110 GC heap after
{Heap after GC invocations=63 (full 0):
 garbage-first heap   total 438272K, used 223250K [0x0000000600000000, 0x0000000800000000)
  region size 4096K, 3 young (12288K), 3 survivors (12288K)
 Metaspace       used 157224K, committed 160064K, reserved 1245184K
  class space    used 20324K, committed 21696K, reserved 1048576K
}

